<?xml version="1.0" encoding="UTF-8"?>
<!-- Generated by org.testng.reporters.JUnitReportReporter -->
<testsuite hostname="LAPTOP-9T5F1S0J" failures="0" tests="2" name="hakyMaven.project1.pages.ChromeLoadTest" time="0.007" errors="0" timestamp="30 Sep 2021 18:53:14 GMT">
  <testcase classname="hakyMaven.project1.pages.ChromeLoadTest" name="loginChromeTest" time="0.005"/>
  <testcase classname="hakyMaven.project1.pages.ChromeLoadTest" name="loadChromeDriver" time="0.002"/>
</testsuite> <!-- hakyMaven.project1.pages.ChromeLoadTest -->
