<?xml version="1.0" encoding="UTF-8"?>
<!-- Generated by org.testng.reporters.JUnitReportReporter -->
<testsuite hostname="LAPTOP-9T5F1S0J" failures="0" tests="2" name="hakyMaven.project1.pages.IELoadTest" time="0.010" errors="0" timestamp="30 Sep 2021 18:53:14 GMT">
  <testcase classname="hakyMaven.project1.pages.IELoadTest" name="loadIEDriver" time="0.009"/>
  <testcase classname="hakyMaven.project1.pages.IELoadTest" name="loginIETest" time="0.001"/>
</testsuite> <!-- hakyMaven.project1.pages.IELoadTest -->
